[debug] [2023-09-09T06:34:57.293Z] ----------------------------------------------------------------------
[debug] [2023-09-09T06:34:57.295Z] Command:       /opt/homebrew/Cellar/node/20.0.0/bin/node /opt/homebrew/bin/firebase init
[debug] [2023-09-09T06:34:57.295Z] CLI Version:   12.5.3
[debug] [2023-09-09T06:34:57.295Z] Platform:      darwin
[debug] [2023-09-09T06:34:57.295Z] Node Version:  v20.0.0
[debug] [2023-09-09T06:34:57.295Z] Time:          Sat Sep 09 2023 15:34:57 GMT+0900 (日本標準時)
[debug] [2023-09-09T06:34:57.295Z] ----------------------------------------------------------------------
[debug] 
[debug] [2023-09-09T06:34:57.297Z] > command requires scopes: ["email","openid","https://www.googleapis.com/auth/cloudplatformprojects.readonly","https://www.googleapis.com/auth/firebase","https://www.googleapis.com/auth/cloud-platform"]
[debug] [2023-09-09T06:34:57.297Z] > authorizing via signed-in user (enbanbunbun123@gmail.com)
[info] 
     ######## #### ########  ######## ########     ###     ######  ########
     ##        ##  ##     ## ##       ##     ##  ##   ##  ##       ##
     ######    ##  ########  ######   ########  #########  ######  ######
     ##        ##  ##    ##  ##       ##     ## ##     ##       ## ##
     ##       #### ##     ## ######## ########  ##     ##  ######  ########

You're about to initialize a Firebase project in this directory:

  /Users/takahashiyuuho/Documents/firebse-app

[info] 
=== Project Setup
[info] 
[info] First, let's associate this project directory with a Firebase project.
[info] You can create multiple project aliases by running firebase use --add, 
[info] but for now we'll just set up a default project.
[info] 
[debug] [2023-09-09T06:35:03.620Z] >>> [apiv2][query] GET https://firebase.googleapis.com/v1beta1/projects pageSize=100
[debug] [2023-09-09T06:35:04.295Z] <<< [apiv2][status] GET https://firebase.googleapis.com/v1beta1/projects 200
[debug] [2023-09-09T06:35:04.296Z] <<< [apiv2][body] GET https://firebase.googleapis.com/v1beta1/projects [omitted]
[info] i  Using project fir-signin-99989 (firebase-signIn) 
[info] 
=== Hosting Setup
[info] 
[info] Your public directory is the folder (relative to your project directory) that
[info] will contain Hosting assets to be uploaded with firebase deploy. If you
[info] have a build process for your assets, use your build's output directory.
[info] 
[debug] [2023-09-09T06:36:32.821Z] >>> [apiv2][query] GET https://www.gstatic.com/firebasejs/releases.json [none]
[debug] [2023-09-09T06:36:32.972Z] <<< [apiv2][status] GET https://www.gstatic.com/firebasejs/releases.json 200
[debug] [2023-09-09T06:36:32.972Z] <<< [apiv2][body] GET https://www.gstatic.com/firebasejs/releases.json {"current":{"version":"10.3.1","browserURL":"https://www.gstatic.com/firebasejs/10.3.1/firebase.js","packageURL":"https://www.gstatic.com/firebasejs/10.3.1/firebase.tgz"},"live":{"version":"10.3","browserURL":"https://www.gstatic.com/firebasejs/live/10.3/firebase.js","packageURL":"https://www.gstatic.com/firebasejs/live/10.3/firebase.tgz"},"components":{"analytics":"https://www.gstatic.com/firebasejs/10.3.1/firebase-analytics.js","app":"https://www.gstatic.com/firebasejs/10.3.1/firebase-app.js","app-check":"https://www.gstatic.com/firebasejs/10.3.1/firebase-app-check.js","auth":"https://www.gstatic.com/firebasejs/10.3.1/firebase-auth.js","auth/cordova":"https://www.gstatic.com/firebasejs/10.3.1/firebase-auth/cordova.js","functions":"https://www.gstatic.com/firebasejs/10.3.1/firebase-functions.js","firestore":"https://www.gstatic.com/firebasejs/10.3.1/firebase-firestore.js","firestore/lite":"https://www.gstatic.com/firebasejs/10.3.1/firebase-firestore/lite.js","installations":"https://www.gstatic.com/firebasejs/10.3.1/firebase-installations.js","storage":"https://www.gstatic.com/firebasejs/10.3.1/firebase-storage.js","performance":"https://www.gstatic.com/firebasejs/10.3.1/firebase-performance.js","remote-config":"https://www.gstatic.com/firebasejs/10.3.1/firebase-remote-config.js","messaging":"https://www.gstatic.com/firebasejs/10.3.1/firebase-messaging.js","messaging/sw":"https://www.gstatic.com/firebasejs/10.3.1/firebase-messaging/sw.js","database":"https://www.gstatic.com/firebasejs/10.3.1/firebase-database.js","firestore.memory":"https://www.gstatic.com/firebasejs/10.3.1/firebase-firestore.memory.js"}}
[info] ✔  Wrote build/index.html 
[info] 
[info] i  Detected a .git folder at /Users/takahashiyuuho 
[info] i  Authorizing with GitHub to upload your service account to a GitHub repository's secrets store. 
[info] 
[info] Visit this URL on this device to log in:
[info] https://github.com/login/oauth/authorize?client_id=89cf50f02ac6aaed3484&state=177220589&redirect_uri=http%3A%2F%2Flocalhost%3A9005&scope=read%3Auser%20repo%20public_repo
[info] 
[info] Waiting for authentication...
[debug] [2023-09-09T06:37:29.238Z] >>> [apiv2][query] POST https://github.com/login/oauth/access_token [none]
[debug] [2023-09-09T06:37:29.238Z] >>> [apiv2][body] POST https://github.com/login/oauth/access_token [stream]
[debug] [2023-09-09T06:37:29.540Z] <<< [apiv2][status] POST https://github.com/login/oauth/access_token 200
[debug] [2023-09-09T06:37:29.541Z] <<< [apiv2][body] POST https://github.com/login/oauth/access_token {"access_token":"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","token_type":"bearer","scope":"read:user,repo"}
[debug] [2023-09-09T06:37:29.551Z] >>> [apiv2][query] GET https://api.github.com/user [none]
[debug] [2023-09-09T06:37:29.875Z] <<< [apiv2][status] GET https://api.github.com/user 200
[debug] [2023-09-09T06:37:29.876Z] <<< [apiv2][body] GET https://api.github.com/user {"login":"enbanbunbun123","id":130529456,"node_id":"U_kgDOB8e4sA","avatar_url":"https://avatars.githubusercontent.com/u/130529456?v=4","gravatar_id":"","url":"https://api.github.com/users/enbanbunbun123","html_url":"https://github.com/enbanbunbun123","followers_url":"https://api.github.com/users/enbanbunbun123/followers","following_url":"https://api.github.com/users/enbanbunbun123/following{/other_user}","gists_url":"https://api.github.com/users/enbanbunbun123/gists{/gist_id}","starred_url":"https://api.github.com/users/enbanbunbun123/starred{/owner}{/repo}","subscriptions_url":"https://api.github.com/users/enbanbunbun123/subscriptions","organizations_url":"https://api.github.com/users/enbanbunbun123/orgs","repos_url":"https://api.github.com/users/enbanbunbun123/repos","events_url":"https://api.github.com/users/enbanbunbun123/events{/privacy}","received_events_url":"https://api.github.com/users/enbanbunbun123/received_events","type":"User","site_admin":false,"name":"yuho takahashi","company":null,"blog":"","location":"Tokyo","email":null,"hireable":null,"bio":null,"twitter_username":null,"public_repos":4,"public_gists":0,"followers":3,"following":4,"created_at":"2023-04-12T03:55:26Z","updated_at":"2023-09-06T09:37:29Z","private_gists":0,"total_private_repos":4,"owned_private_repos":4,"disk_usage":1961,"collaborators":0,"two_factor_authentication":false,"plan":{"name":"free","space":976562499,"collaborators":0,"private_repos":10000}}
[info] 
[info] ✔  Success! Logged into GitHub as enbanbunbun123 
[info] 
